生成启动时间为 2020/8/12 17:24:52。
     1>项目“E:\cero_work\environment\JZXT001\JZXT001\JZXT001.vcxproj”在节点 2 上(rebuild 个目标)。
     1>_PrepareForClean:
         正在删除文件“x64\Release\JZXT001.lastbuildstate”。
       InitializeBuildStatus:
         正在创建“x64\Release\JZXT001.unsuccessfulbuild”，因为已指定“AlwaysCreate”。
       ClCompile:
         E:\Program Files (x86)\Microsoft Visual Studio 10.0\VC\bin\x86_amd64\CL.exe /c /Zi /nologo /W3 /WX- /O2 /Oi /GL /D WIN32 /D _WINDOWS /D NDEBUG /D _USRDLL /D _WINDLL /D _UNICODE /D UNICODE /D _AFXDLL /Gm- /EHsc /MD /GS /Gy /fp:precise /Zc:wchar_t /Zc:forScope /Yc"StdAfx.h" /Fp"x64\Release\JZXT001.pch" /Fo"x64\Release\\" /Fd"x64\Release\vc100.pdb" /Gd /TP /errorReport:prompt stdafx.cpp
         stdafx.cpp
         E:\Program Files (x86)\Microsoft Visual Studio 10.0\VC\bin\x86_amd64\CL.exe /c /Zi /nologo /W3 /WX- /O2 /Oi /GL /D WIN32 /D _WINDOWS /D NDEBUG /D _USRDLL /D _WINDLL /D _UNICODE /D UNICODE /D _AFXDLL /Gm- /EHsc /MD /GS /Gy /fp:precise /Zc:wchar_t /Zc:forScope /Yu"StdAfx.h" /Fp"x64\Release\JZXT001.pch" /Fo"x64\Release\\" /Fd"x64\Release\vc100.pdb" /Gd /TP /errorReport:prompt JZXT001.cpp NewMdlDlg.cpp
         JZXT001.cpp
         NewMdlDlg.cpp
     1>NewMdlDlg.cpp(108): warning C4996: 'strcpy': This function or variable may be unsafe. Consider using strcpy_s instead. To disable deprecation, use _CRT_SECURE_NO_WARNINGS. See online help for details.
                 E:\Program Files (x86)\Microsoft Visual Studio 10.0\VC\include\string.h(105) : 参见“strcpy”的声明
     1>NewMdlDlg.cpp(116): warning C4996: 'strcpy': This function or variable may be unsafe. Consider using strcpy_s instead. To disable deprecation, use _CRT_SECURE_NO_WARNINGS. See online help for details.
                 E:\Program Files (x86)\Microsoft Visual Studio 10.0\VC\include\string.h(105) : 参见“strcpy”的声明
     1>NewMdlDlg.cpp(96): warning C4101: “item_type”: 未引用的局部变量
     1>NewMdlDlg.cpp(94): warning C4101: “status”: 未引用的局部变量
     1>NewMdlDlg.cpp(194): warning C4101: “status”: 未引用的局部变量
     1>NewMdlDlg.cpp(251): warning C4101: “NewValue”: 未引用的局部变量
     1>NewMdlDlg.cpp(283): warning C4996: 'strcpy': This function or variable may be unsafe. Consider using strcpy_s instead. To disable deprecation, use _CRT_SECURE_NO_WARNINGS. See online help for details.
                 E:\Program Files (x86)\Microsoft Visual Studio 10.0\VC\include\string.h(105) : 参见“strcpy”的声明
     1>NewMdlDlg.cpp(285): warning C4996: 'strcpy': This function or variable may be unsafe. Consider using strcpy_s instead. To disable deprecation, use _CRT_SECURE_NO_WARNINGS. See online help for details.
                 E:\Program Files (x86)\Microsoft Visual Studio 10.0\VC\include\string.h(105) : 参见“strcpy”的声明
     1>NewMdlDlg.cpp(279): warning C4101: “modelitem”: 未引用的局部变量
     1>NewMdlDlg.cpp(448): warning C4101: “asm_datum”: 未引用的局部变量
     1>NewMdlDlg.cpp(450): warning C4101: “comp_path”: 未引用的局部变量
     1>NewMdlDlg.cpp(494): warning C4996: 'strcpy': This function or variable may be unsafe. Consider using strcpy_s instead. To disable deprecation, use _CRT_SECURE_NO_WARNINGS. See online help for details.
                 E:\Program Files (x86)\Microsoft Visual Studio 10.0\VC\include\string.h(105) : 参见“strcpy”的声明
       ResourceCompile:
         C:\Program Files (x86)\Microsoft SDKs\Windows\v7.0A\bin\rc.exe /D NDEBUG /D _UNICODE /D UNICODE /D _AFXDLL /l"0x0804" /Ix64\Release\ /nologo /fo"x64\Release\JZXT001.res" JZXT001.rc 
       Link:
         E:\Program Files (x86)\Microsoft Visual Studio 10.0\VC\bin\x86_amd64\link.exe /ERRORREPORT:PROMPT /OUT:"E:\cero_work\environment\JZXT001\x64\Release\JZXT001.dll" /INCREMENTAL:NO /NOLOGO wsock32.lib mpr.lib psapi.lib protk_dll.lib prodev_dll.lib netapi32.lib /NODEFAULTLIB:msvcrt.lib /DEF:".\JZXT001.def" /MANIFEST /ManifestFile:"x64\Release\JZXT001.dll.intermediate.manifest" /MANIFESTUAC:"level='asInvoker' uiAccess='false'" /DEBUG /PDB:"E:\cero_work\environment\JZXT001\x64\Release\JZXT001.pdb" /SUBSYSTEM:WINDOWS /OPT:REF /OPT:ICF /LTCG /TLBID:1 /DYNAMICBASE /NXCOMPAT /IMPLIB:"E:\cero_work\environment\JZXT001\x64\Release\JZXT001.lib" /MACHINE:X64 /DLL x64\Release\JZXT001.res
         x64\Release\JZXT001.obj
         x64\Release\NewMdlDlg.obj
         x64\Release\stdafx.obj
            正在创建库 E:\cero_work\environment\JZXT001\x64\Release\JZXT001.lib 和对象 E:\cero_work\environment\JZXT001\x64\Release\JZXT001.exp
         正在生成代码
         已完成代码的生成
     1>NewMdlDlg.obj : warning LNK4049: 已导入本地定义的符号 malloc
         JZXT001.vcxproj -> E:\cero_work\environment\JZXT001\x64\Release\JZXT001.dll
       Manifest:
         C:\Program Files (x86)\Microsoft SDKs\Windows\v7.0A\bin\mt.exe /nologo /verbose /outputresource:"E:\cero_work\environment\JZXT001\x64\Release\JZXT001.dll;#2" /manifest x64\Release\JZXT001.dll.intermediate.manifest "E:\Program Files (x86)\Microsoft Visual Studio 10.0\VC\Include\Manifest\dpiaware.manifest"
       FinalizeBuildStatus:
         正在删除文件“x64\Release\JZXT001.unsuccessfulbuild”。
         正在对“x64\Release\JZXT001.lastbuildstate”执行 Touch 任务。
     1>已完成生成项目“E:\cero_work\environment\JZXT001\JZXT001\JZXT001.vcxproj”(rebuild 个目标)的操作。

生成成功。

已用时间 00:00:09.99
