E:\cero_work\environment\JZXT001\JZXT001\x64\Release\cl.command.1.tlog
E:\cero_work\environment\JZXT001\JZXT001\x64\Release\CL.read.1.tlog
E:\cero_work\environment\JZXT001\JZXT001\x64\Release\CL.write.1.tlog
E:\CERO_WORK\ENVIRONMENT\JZXT001\JZXT001\X64\RELEASE\JZXT001.DLL.INTERMEDIATE.MANIFEST
E:\CERO_WORK\ENVIRONMENT\JZXT001\JZXT001\X64\RELEASE\JZXT001.OBJ
E:\CERO_WORK\ENVIRONMENT\JZXT001\JZXT001\X64\RELEASE\JZXT001.PCH
E:\CERO_WORK\ENVIRONMENT\JZXT001\JZXT001\X64\RELEASE\JZXT001.RES
E:\cero_work\environment\JZXT001\JZXT001\x64\Release\JZXT001.write.1.tlog
E:\cero_work\environment\JZXT001\JZXT001\x64\Release\link.command.1.tlog
E:\cero_work\environment\JZXT001\JZXT001\x64\Release\link.read.1.tlog
E:\cero_work\environment\JZXT001\JZXT001\x64\Release\link.write.1.tlog
E:\cero_work\environment\JZXT001\JZXT001\x64\Release\link-cvtres.read.1.tlog
E:\cero_work\environment\JZXT001\JZXT001\x64\Release\link-cvtres.write.1.tlog
E:\cero_work\environment\JZXT001\JZXT001\x64\Release\mt.command.1.tlog
E:\cero_work\environment\JZXT001\JZXT001\x64\Release\mt.read.1.tlog
E:\cero_work\environment\JZXT001\JZXT001\x64\Release\mt.write.1.tlog
E:\CERO_WORK\ENVIRONMENT\JZXT001\JZXT001\X64\RELEASE\NEWMDLDLG.OBJ
E:\cero_work\environment\JZXT001\JZXT001\x64\Release\rc.command.1.tlog
E:\cero_work\environment\JZXT001\JZXT001\x64\Release\rc.read.1.tlog
E:\cero_work\environment\JZXT001\JZXT001\x64\Release\rc.write.1.tlog
E:\CERO_WORK\ENVIRONMENT\JZXT001\JZXT001\X64\RELEASE\STDAFX.OBJ
E:\CERO_WORK\ENVIRONMENT\JZXT001\JZXT001\X64\RELEASE\VC100.PDB
E:\CERO_WORK\ENVIRONMENT\JZXT001\X64\RELEASE\JZXT001.DLL
E:\cero_work\environment\JZXT001\x64\Release\JZXT001.exp
E:\cero_work\environment\JZXT001\x64\Release\JZXT001.lib
E:\CERO_WORK\ENVIRONMENT\JZXT001\X64\RELEASE\JZXT001.PDB
